# JRE version: Java(TM) SE Runtime Environment (8.0_301-b09) (build 1.8.0_301-b09)
# Java VM: Java HotSpot(TM) 64-Bit Server VM (25.301-b09 mixed mode windows-amd64 compressed oops)
Heap:
 PSYoungGen      total 170496K, used 14286K [0x00000000eb580000, 0x00000000f7480000, 0x0000000100000000)
  eden space 156672K, 9% used [0x00000000eb580000,0x00000000ec373868,0x00000000f4e80000)
  from space 13824K, 0% used [0x00000000f4e80000,0x00000000f4e80000,0x00000000f5c00000)
  to   space 11264K, 0% used [0x00000000f5c00000,0x00000000f5c00000,0x00000000f6700000)
 ParOldGen       total 65024K, used 25728K [0x00000000c2000000, 0x00000000c5f80000, 0x00000000eb580000)
  object space 65024K, 39% used [0x00000000c2000000,0x00000000c3920230,0x00000000c5f80000)
 Metaspace       used 57453K, capacity 60930K, committed 61184K, reserved 1101824K
  class space    used 7737K, capacity 8337K, committed 8448K, reserved 1048576K
GC Heap History (10 events):
Event: 4.661 GC heap before
{Heap before GC invocations=10 (full 1):
 PSYoungGen      total 118272K, used 110651K [0x00000000eb580000, 0x00000000f3e80000, 0x0000000100000000)
  eden space 111616K, 93% used [0x00000000eb580000,0x00000000f1b15950,0x00000000f2280000)
  from space 6656K, 99% used [0x00000000f3800000,0x00000000f3e793f8,0x00000000f3e80000)
  to   space 8192K, 0% used [0x00000000f2e80000,0x00000000f2e80000,0x00000000f3680000)
 ParOldGen       total 30720K, used 9499K [0x00000000c2000000, 0x00000000c3e00000, 0x00000000eb580000)
  object space 30720K, 30% used [0x00000000c2000000,0x00000000c2946e38,0x00000000c3e00000)
 Metaspace       used 33216K, capacity 35398K, committed 35496K, reserved 1079296K
  class space    used 4443K, capacity 4847K, committed 4864K, reserved 1048576K
Event: 4.676 GC heap after
Heap after GC invocations=10 (full 1):
 PSYoungGen      total 132096K, used 8178K [0x00000000eb580000, 0x00000000f6700000, 0x0000000100000000)
  eden space 123904K, 0% used [0x00000000eb580000,0x00000000eb580000,0x00000000f2e80000)
  from space 8192K, 99% used [0x00000000f2e80000,0x00000000f367c8c0,0x00000000f3680000)
  to   space 11264K, 0% used [0x00000000f5c00000,0x00000000f5c00000,0x00000000f6700000)
 ParOldGen       total 30720K, used 14204K [0x00000000c2000000, 0x00000000c3e00000, 0x00000000eb580000)
  object space 30720K, 46% used [0x00000000c2000000,0x00000000c2ddf1b8,0x00000000c3e00000)
 Metaspace       used 33216K, capacity 35398K, committed 35496K, reserved 1079296K
  class space    used 4443K, capacity 4847K, committed 4864K, reserved 1048576K
}
Event: 4.676 GC heap before
{Heap before GC invocations=11 (full 2):
 PSYoungGen      total 132096K, used 8178K [0x00000000eb580000, 0x00000000f6700000, 0x0000000100000000)
  eden space 123904K, 0% used [0x00000000eb580000,0x00000000eb580000,0x00000000f2e80000)
  from space 8192K, 99% used [0x00000000f2e80000,0x00000000f367c8c0,0x00000000f3680000)
  to   space 11264K, 0% used [0x00000000f5c00000,0x00000000f5c00000,0x00000000f6700000)
 ParOldGen       total 30720K, used 14204K [0x00000000c2000000, 0x00000000c3e00000, 0x00000000eb580000)
  object space 30720K, 46% used [0x00000000c2000000,0x00000000c2ddf1b8,0x00000000c3e00000)
 Metaspace       used 33216K, capacity 35398K, committed 35496K, reserved 1079296K
  class space    used 4443K, capacity 4847K, committed 4864K, reserved 1048576K
Event: 4.753 GC heap after
Heap after GC invocations=11 (full 2):
 PSYoungGen      total 132096K, used 0K [0x00000000eb580000, 0x00000000f6700000, 0x0000000100000000)
  eden space 123904K, 0% used [0x00000000eb580000,0x00000000eb580000,0x00000000f2e80000)
  from space 8192K, 0% used [0x00000000f2e80000,0x00000000f2e80000,0x00000000f3680000)
  to   space 11264K, 0% used [0x00000000f5c00000,0x00000000f5c00000,0x00000000f6700000)
 ParOldGen       total 50176K, used 18263K [0x00000000c2000000, 0x00000000c5100000, 0x00000000eb580000)
  object space 50176K, 36% used [0x00000000c2000000,0x00000000c31d5e40,0x00000000c5100000)
 Metaspace       used 33216K, capacity 35398K, committed 35496K, reserved 1079296K
  class space    used 4443K, capacity 4847K, committed 4864K, reserved 1048576K
}
Event: 6.445 GC heap before
{Heap before GC invocations=12 (full 2):
 PSYoungGen      total 132096K, used 123904K [0x00000000eb580000, 0x00000000f6700000, 0x0000000100000000)
  eden space 123904K, 100% used [0x00000000eb580000,0x00000000f2e80000,0x00000000f2e80000)
  from space 8192K, 0% used [0x00000000f2e80000,0x00000000f2e80000,0x00000000f3680000)
  to   space 11264K, 0% used [0x00000000f5c00000,0x00000000f5c00000,0x00000000f6700000)
 ParOldGen       total 50176K, used 18263K [0x00000000c2000000, 0x00000000c5100000, 0x00000000eb580000)
  object space 50176K, 36% used [0x00000000c2000000,0x00000000c31d5e40,0x00000000c5100000)
 Metaspace       used 47640K, capacity 50316K, committed 50432K, reserved 1093632K
  class space    used 6654K, capacity 7141K, committed 7168K, reserved 1048576K
Event: 6.465 GC heap after
Heap after GC invocations=12 (full 2):
 PSYoungGen      total 167936K, used 11263K [0x00000000eb580000, 0x00000000f7480000, 0x0000000100000000)
  eden space 156672K, 0% used [0x00000000eb580000,0x00000000eb580000,0x00000000f4e80000)
  from space 11264K, 99% used [0x00000000f5c00000,0x00000000f66ffe00,0x00000000f6700000)
  to   space 13824K, 0% used [0x00000000f4e80000,0x00000000f4e80000,0x00000000f5c00000)
 ParOldGen       total 50176K, used 21667K [0x00000000c2000000, 0x00000000c5100000, 0x00000000eb580000)
  object space 50176K, 43% used [0x00000000c2000000,0x00000000c3528ef0,0x00000000c5100000)
 Metaspace       used 47640K, capacity 50316K, committed 50432K, reserved 1093632K
  class space    used 6654K, capacity 7141K, committed 7168K, reserved 1048576K
}
Event: 198.437 GC heap before
{Heap before GC invocations=13 (full 2):
 PSYoungGen      total 167936K, used 110867K [0x00000000eb580000, 0x00000000f7480000, 0x0000000100000000)
  eden space 156672K, 63% used [0x00000000eb580000,0x00000000f16c5010,0x00000000f4e80000)
  from space 11264K, 99% used [0x00000000f5c00000,0x00000000f66ffe00,0x00000000f6700000)
  to   space 13824K, 0% used [0x00000000f4e80000,0x00000000f4e80000,0x00000000f5c00000)
 ParOldGen       total 50176K, used 21667K [0x00000000c2000000, 0x00000000c5100000, 0x00000000eb580000)
  object space 50176K, 43% used [0x00000000c2000000,0x00000000c3528ef0,0x00000000c5100000)
 Metaspace       used 55631K, capacity 59106K, committed 59136K, reserved 1099776K
  class space    used 7572K, capacity 8177K, committed 8192K, reserved 1048576K
Event: 198.465 GC heap after
Heap after GC invocations=13 (full 2):
 PSYoungGen      total 170496K, used 9997K [0x00000000eb580000, 0x00000000f7480000, 0x0000000100000000)
  eden space 156672K, 0% used [0x00000000eb580000,0x00000000eb580000,0x00000000f4e80000)
  from space 13824K, 72% used [0x00000000f4e80000,0x00000000f58435c0,0x00000000f5c00000)
  to   space 11264K, 0% used [0x00000000f5c00000,0x00000000f5c00000,0x00000000f6700000)
 ParOldGen       total 50176K, used 25604K [0x00000000c2000000, 0x00000000c5100000, 0x00000000eb580000)
  object space 50176K, 51% used [0x00000000c2000000,0x00000000c3901030,0x00000000c5100000)
 Metaspace       used 55631K, capacity 59106K, committed 59136K, reserved 1099776K
  class space    used 7572K, capacity 8177K, committed 8192K, reserved 1048576K
}
Event: 198.465 GC heap before
{Heap before GC invocations=14 (full 3):
 PSYoungGen      total 170496K, used 9997K [0x00000000eb580000, 0x00000000f7480000, 0x0000000100000000)
  eden space 156672K, 0% used [0x00000000eb580000,0x00000000eb580000,0x00000000f4e80000)
  from space 13824K, 72% used [0x00000000f4e80000,0x00000000f58435c0,0x00000000f5c00000)
  to   space 11264K, 0% used [0x00000000f5c00000,0x00000000f5c00000,0x00000000f6700000)
 ParOldGen       total 50176K, used 25604K [0x00000000c2000000, 0x00000000c5100000, 0x00000000eb580000)
  object space 50176K, 51% used [0x00000000c2000000,0x00000000c3901030,0x00000000c5100000)
 Metaspace       used 55631K, capacity 59106K, committed 59136K, reserved 1099776K
  class space    used 7572K, capacity 8177K, committed 8192K, reserved 1048576K
Event: 198.664 GC heap after
Heap after GC invocations=14 (full 3):
 PSYoungGen      total 170496K, used 0K [0x00000000eb580000, 0x00000000f7480000, 0x0000000100000000)
  eden space 156672K, 0% used [0x00000000eb580000,0x00000000eb580000,0x00000000f4e80000)
  from space 13824K, 0% used [0x00000000f4e80000,0x00000000f4e80000,0x00000000f5c00000)
  to   space 11264K, 0% used [0x00000000f5c00000,0x00000000f5c00000,0x00000000f6700000)
 ParOldGen       total 65024K, used 25728K [0x00000000c2000000, 0x00000000c5f80000, 0x00000000eb580000)
  object space 65024K, 39% used [0x00000000c2000000,0x00000000c3920230,0x00000000c5f80000)
 Metaspace       used 55631K, capacity 59106K, committed 59136K, reserved 1099776K
  class space    used 7572K, capacity 8177K, committed 8192K, reserved 1048576K
}

